#! /opt/homebrew/Cellar/icarus-verilog/12.0/bin/vvp
:ivl_version "12.0 (stable)";
:ivl_delay_selection "TYPICAL";
:vpi_time_precision - 12;
:vpi_module "/opt/homebrew/Cellar/icarus-verilog/12.0/lib/ivl/system.vpi";
:vpi_module "/opt/homebrew/Cellar/icarus-verilog/12.0/lib/ivl/vhdl_sys.vpi";
:vpi_module "/opt/homebrew/Cellar/icarus-verilog/12.0/lib/ivl/vhdl_textio.vpi";
:vpi_module "/opt/homebrew/Cellar/icarus-verilog/12.0/lib/ivl/v2005_math.vpi";
:vpi_module "/opt/homebrew/Cellar/icarus-verilog/12.0/lib/ivl/va_math.vpi";
:vpi_module "/opt/homebrew/Cellar/icarus-verilog/12.0/lib/ivl/v2009.vpi";
S_0x10509fea0 .scope package, "$unit" "$unit" 2 1;
 .timescale 0 0;
S_0x1050a0020 .scope module, "tb_multiplier" "tb_multiplier" 3 6;
 .timescale -9 -12;
v0x91104a300_0 .net "busy_o", 0 0, L_0x91104ac60;  1 drivers
v0x91104a3a0_0 .var "clk_i", 0 0;
v0x91104a440_0 .var "hold_i", 0 0;
v0x91104a4e0_0 .var "opcode_invalid_i", 0 0;
v0x91104a580_0 .var "opcode_opcode_i", 31 0;
v0x91104a620_0 .var "opcode_pc_i", 31 0;
v0x91104a6c0_0 .var "opcode_ra_idx_i", 4 0;
v0x91104a760_0 .var "opcode_ra_operand_i", 31 0;
v0x91104a800_0 .var "opcode_rb_idx_i", 4 0;
v0x91104a8a0_0 .var "opcode_rb_operand_i", 31 0;
v0x91104a940_0 .var "opcode_rd_idx_i", 4 0;
v0x91104a9e0_0 .var "opcode_valid_i", 0 0;
v0x91104aa80_0 .var "rst_i", 0 0;
v0x91104ab20_0 .net "writeback_value_o", 31 0, L_0x1050aaea0;  1 drivers
E_0x910c44f00 .event posedge, v0x911049180_0;
S_0x105097e10 .scope module, "dut" "riscv_multiplier" 3 29, 4 42 0, S_0x1050a0020;
 .timescale 0 0;
    .port_info 0 /INPUT 1 "clk_i";
    .port_info 1 /INPUT 1 "rst_i";
    .port_info 2 /INPUT 1 "opcode_valid_i";
    .port_info 3 /INPUT 32 "opcode_opcode_i";
    .port_info 4 /INPUT 32 "opcode_pc_i";
    .port_info 5 /INPUT 1 "opcode_invalid_i";
    .port_info 6 /INPUT 5 "opcode_rd_idx_i";
    .port_info 7 /INPUT 5 "opcode_ra_idx_i";
    .port_info 8 /INPUT 5 "opcode_rb_idx_i";
    .port_info 9 /INPUT 32 "opcode_ra_operand_i";
    .port_info 10 /INPUT 32 "opcode_rb_operand_i";
    .port_info 11 /INPUT 1 "hold_i";
    .port_info 12 /OUTPUT 32 "writeback_value_o";
    .port_info 13 /OUTPUT 1 "busy_o";
P_0x1050a01a0 .param/l "MULT_STAGES" 1 4 69, +C4<00000000000000000000000000000010>;
P_0x1050a01e0 .param/l "MUL_PIPE_STAGES" 1 4 70, +C4<00000000000000000000000000000010>;
L_0x911478010 .functor BUFT 1, C4<11111110000000000111000001111111>, C4<0>, C4<0>, C4<0>;
L_0x1050a9900 .functor AND 32, v0x91104a580_0, L_0x911478010, C4<11111111111111111111111111111111>, C4<11111111111111111111111111111111>;
L_0x9114780a0 .functor BUFT 1, C4<11111110000000000111000001111111>, C4<0>, C4<0>, C4<0>;
L_0x1050a9280 .functor AND 32, v0x91104a580_0, L_0x9114780a0, C4<11111111111111111111111111111111>, C4<11111111111111111111111111111111>;
L_0x1050a6960 .functor OR 1, L_0x1050a91e0, L_0x1050a68c0, C4<0>, C4<0>;
L_0x911478130 .functor BUFT 1, C4<11111110000000000111000001111111>, C4<0>, C4<0>, C4<0>;
L_0x105098110 .functor AND 32, v0x91104a580_0, L_0x911478130, C4<11111111111111111111111111111111>, C4<11111111111111111111111111111111>;
L_0x1050a6460 .functor OR 1, L_0x1050a6960, L_0x1050a63c0, C4<0>, C4<0>;
L_0x9114781c0 .functor BUFT 1, C4<11111110000000000111000001111111>, C4<0>, C4<0>, C4<0>;
L_0x1050a7870 .functor AND 32, v0x91104a580_0, L_0x9114781c0, C4<11111111111111111111111111111111>, C4<11111111111111111111111111111111>;
L_0x1050a8ba0 .functor OR 1, L_0x1050a6460, L_0x1050a8b00, C4<0>, C4<0>;
L_0x1050a8c10 .functor AND 1, v0x91104a9e0_0, L_0x1050a8ba0, C4<1>, C4<1>;
L_0x1050a8c80 .functor AND 1, L_0x1050a8c10, L_0x91104abc0, C4<1>, C4<1>;
L_0x1050aaea0 .functor BUFZ 32, v0x911049e00_0, C4<00000000000000000000000000000000>, C4<00000000000000000000000000000000>, C4<00000000000000000000000000000000>;
v0x911048000_0 .net/2u *"_ivl_0", 31 0, L_0x911478010;  1 drivers
v0x911048140_0 .net *"_ivl_10", 31 0, L_0x1050a9280;  1 drivers
L_0x9114780e8 .functor BUFT 1, C4<00000010000000000001000000110011>, C4<0>, C4<0>, C4<0>;
v0x9110481e0_0 .net/2u *"_ivl_12", 31 0, L_0x9114780e8;  1 drivers
v0x911048280_0 .net *"_ivl_14", 0 0, L_0x1050a68c0;  1 drivers
v0x911048320_0 .net *"_ivl_17", 0 0, L_0x1050a6960;  1 drivers
v0x9110483c0_0 .net/2u *"_ivl_18", 31 0, L_0x911478130;  1 drivers
v0x911048460_0 .net *"_ivl_2", 31 0, L_0x1050a9900;  1 drivers
v0x911048500_0 .net *"_ivl_20", 31 0, L_0x105098110;  1 drivers
L_0x911478178 .functor BUFT 1, C4<00000010000000000010000000110011>, C4<0>, C4<0>, C4<0>;
v0x9110485a0_0 .net/2u *"_ivl_22", 31 0, L_0x911478178;  1 drivers
v0x911048640_0 .net *"_ivl_24", 0 0, L_0x1050a63c0;  1 drivers
v0x9110486e0_0 .net *"_ivl_27", 0 0, L_0x1050a6460;  1 drivers
v0x911048780_0 .net/2u *"_ivl_28", 31 0, L_0x9114781c0;  1 drivers
v0x911048820_0 .net *"_ivl_30", 31 0, L_0x1050a7870;  1 drivers
L_0x911478208 .functor BUFT 1, C4<00000010000000000011000000110011>, C4<0>, C4<0>, C4<0>;
v0x9110488c0_0 .net/2u *"_ivl_32", 31 0, L_0x911478208;  1 drivers
v0x911048960_0 .net *"_ivl_34", 0 0, L_0x1050a8b00;  1 drivers
v0x911048a00_0 .net *"_ivl_39", 0 0, L_0x1050a8c10;  1 drivers
L_0x911478058 .functor BUFT 1, C4<00000010000000000000000000110011>, C4<0>, C4<0>, C4<0>;
v0x911048aa0_0 .net/2u *"_ivl_4", 31 0, L_0x911478058;  1 drivers
v0x911048b40_0 .net *"_ivl_41", 0 0, L_0x91104abc0;  1 drivers
v0x911048be0_0 .net *"_ivl_45", 0 0, L_0x91103c960;  1 drivers
v0x911048c80_0 .net *"_ivl_46", 31 0, L_0x911040460;  1 drivers
v0x911048d20_0 .net *"_ivl_48", 64 0, L_0x911040500;  1 drivers
v0x911048dc0_0 .net *"_ivl_51", 0 0, L_0x91103ca00;  1 drivers
v0x911048e60_0 .net *"_ivl_52", 31 0, L_0x9110405a0;  1 drivers
v0x911048f00_0 .net *"_ivl_54", 64 0, L_0x911040640;  1 drivers
v0x911048fa0_0 .net *"_ivl_6", 0 0, L_0x1050a91e0;  1 drivers
v0x911049040_0 .net/2u *"_ivl_8", 31 0, L_0x9114780a0;  1 drivers
v0x9110490e0_0 .net "busy_o", 0 0, L_0x91104ac60;  alias, 1 drivers
v0x911049180_0 .net "clk_i", 0 0, v0x91104a3a0_0;  1 drivers
v0x911049220_0 .net "hold_i", 0 0, v0x91104a440_0;  1 drivers
v0x9110492c0_0 .net "mul_new_valid_w", 0 0, L_0x1050a8c80;  1 drivers
v0x911049360_0 .var "mul_valid_q", 1 0;
v0x911049400_0 .var "mulhi_sel_e1_q", 0 0;
v0x9110494a0_0 .net "mult_inst_w", 0 0, L_0x1050a8ba0;  1 drivers
v0x911049540_0 .net "mult_result_w", 64 0, L_0x91103caa0;  1 drivers
v0x9110495e0_0 .net "opcode_invalid_i", 0 0, v0x91104a4e0_0;  1 drivers
v0x911049680_0 .net "opcode_opcode_i", 31 0, v0x91104a580_0;  1 drivers
v0x911049720_0 .net "opcode_pc_i", 31 0, v0x91104a620_0;  1 drivers
v0x9110497c0_0 .net "opcode_ra_idx_i", 4 0, v0x91104a6c0_0;  1 drivers
v0x911049860_0 .net "opcode_ra_operand_i", 31 0, v0x91104a760_0;  1 drivers
v0x911049900_0 .net "opcode_rb_idx_i", 4 0, v0x91104a800_0;  1 drivers
v0x9110499a0_0 .net "opcode_rb_operand_i", 31 0, v0x91104a8a0_0;  1 drivers
v0x911049a40_0 .net "opcode_rd_idx_i", 4 0, v0x91104a940_0;  1 drivers
v0x911049ae0_0 .net "opcode_valid_i", 0 0, v0x91104a9e0_0;  1 drivers
v0x911049b80_0 .var "operand_a_e1_q", 32 0;
v0x911049c20_0 .var "operand_a_r", 32 0;
v0x911049cc0_0 .var "operand_b_e1_q", 32 0;
v0x911049d60_0 .var "operand_b_r", 32 0;
v0x911049e00_0 .var "result_e2_q", 31 0;
v0x911049ea0_0 .var "result_e3_q", 31 0;
v0x911049f40_0 .var "result_r", 31 0;
v0x911049fe0_0 .net "rst_i", 0 0, v0x91104aa80_0;  1 drivers
v0x91104a080_0 .net "writeback_value_o", 31 0, L_0x1050aaea0;  alias, 1 drivers
E_0x910c44f40 .event posedge, v0x911049fe0_0, v0x911049180_0;
E_0x910c44f80 .event anyedge, v0x911049400_0, v0x911049540_0;
E_0x910c44fc0 .event anyedge, v0x911049680_0, v0x9110499a0_0;
E_0x910c45000 .event anyedge, v0x911049680_0, v0x911049860_0;
L_0x1050a91e0 .cmp/eq 32, L_0x1050a9900, L_0x911478058;
L_0x1050a68c0 .cmp/eq 32, L_0x1050a9280, L_0x9114780e8;
L_0x1050a63c0 .cmp/eq 32, L_0x105098110, L_0x911478178;
L_0x1050a8b00 .cmp/eq 32, L_0x1050a7870, L_0x911478208;
L_0x91104abc0 .reduce/nor v0x91104a440_0;
L_0x91103c960 .part v0x911049b80_0, 32, 1;
LS_0x911040460_0_0 .concat [ 1 1 1 1], L_0x91103c960, L_0x91103c960, L_0x91103c960, L_0x91103c960;
LS_0x911040460_0_4 .concat [ 1 1 1 1], L_0x91103c960, L_0x91103c960, L_0x91103c960, L_0x91103c960;
LS_0x911040460_0_8 .concat [ 1 1 1 1], L_0x91103c960, L_0x91103c960, L_0x91103c960, L_0x91103c960;
LS_0x911040460_0_12 .concat [ 1 1 1 1], L_0x91103c960, L_0x91103c960, L_0x91103c960, L_0x91103c960;
LS_0x911040460_0_16 .concat [ 1 1 1 1], L_0x91103c960, L_0x91103c960, L_0x91103c960, L_0x91103c960;
LS_0x911040460_0_20 .concat [ 1 1 1 1], L_0x91103c960, L_0x91103c960, L_0x91103c960, L_0x91103c960;
LS_0x911040460_0_24 .concat [ 1 1 1 1], L_0x91103c960, L_0x91103c960, L_0x91103c960, L_0x91103c960;
LS_0x911040460_0_28 .concat [ 1 1 1 1], L_0x91103c960, L_0x91103c960, L_0x91103c960, L_0x91103c960;
LS_0x911040460_1_0 .concat [ 4 4 4 4], LS_0x911040460_0_0, LS_0x911040460_0_4, LS_0x911040460_0_8, LS_0x911040460_0_12;
LS_0x911040460_1_4 .concat [ 4 4 4 4], LS_0x911040460_0_16, LS_0x911040460_0_20, LS_0x911040460_0_24, LS_0x911040460_0_28;
L_0x911040460 .concat [ 16 16 0 0], LS_0x911040460_1_0, LS_0x911040460_1_4;
L_0x911040500 .concat [ 33 32 0 0], v0x911049b80_0, L_0x911040460;
L_0x91103ca00 .part v0x911049cc0_0, 32, 1;
LS_0x9110405a0_0_0 .concat [ 1 1 1 1], L_0x91103ca00, L_0x91103ca00, L_0x91103ca00, L_0x91103ca00;
LS_0x9110405a0_0_4 .concat [ 1 1 1 1], L_0x91103ca00, L_0x91103ca00, L_0x91103ca00, L_0x91103ca00;
LS_0x9110405a0_0_8 .concat [ 1 1 1 1], L_0x91103ca00, L_0x91103ca00, L_0x91103ca00, L_0x91103ca00;
LS_0x9110405a0_0_12 .concat [ 1 1 1 1], L_0x91103ca00, L_0x91103ca00, L_0x91103ca00, L_0x91103ca00;
LS_0x9110405a0_0_16 .concat [ 1 1 1 1], L_0x91103ca00, L_0x91103ca00, L_0x91103ca00, L_0x91103ca00;
LS_0x9110405a0_0_20 .concat [ 1 1 1 1], L_0x91103ca00, L_0x91103ca00, L_0x91103ca00, L_0x91103ca00;
LS_0x9110405a0_0_24 .concat [ 1 1 1 1], L_0x91103ca00, L_0x91103ca00, L_0x91103ca00, L_0x91103ca00;
LS_0x9110405a0_0_28 .concat [ 1 1 1 1], L_0x91103ca00, L_0x91103ca00, L_0x91103ca00, L_0x91103ca00;
LS_0x9110405a0_1_0 .concat [ 4 4 4 4], LS_0x9110405a0_0_0, LS_0x9110405a0_0_4, LS_0x9110405a0_0_8, LS_0x9110405a0_0_12;
LS_0x9110405a0_1_4 .concat [ 4 4 4 4], LS_0x9110405a0_0_16, LS_0x9110405a0_0_20, LS_0x9110405a0_0_24, LS_0x9110405a0_0_28;
L_0x9110405a0 .concat [ 16 16 0 0], LS_0x9110405a0_1_0, LS_0x9110405a0_1_4;
L_0x911040640 .concat [ 33 32 0 0], v0x911049cc0_0, L_0x9110405a0;
L_0x91103caa0 .arith/mult 65, L_0x911040500, L_0x911040640;
L_0x91104ac60 .reduce/or v0x911049360_0;
S_0x1050a9060 .scope autotask, "issue_mul" "issue_mul" 3 63, 3 63 0, S_0x1050a0020;
 .timescale -9 -12;
v0x91104a120_0 .var "inst", 31 0;
v0x91104a1c0_0 .var "op_a", 31 0;
v0x91104a260_0 .var "op_b", 31 0;
TD_tb_multiplier.issue_mul ;
    %load/vec4 v0x91104a1c0_0;
    %store/vec4 v0x91104a760_0, 0, 32;
    %load/vec4 v0x91104a260_0;
    %store/vec4 v0x91104a8a0_0, 0, 32;
    %load/vec4 v0x91104a120_0;
    %store/vec4 v0x91104a580_0, 0, 32;
    %pushi/vec4 1, 0, 1;
    %store/vec4 v0x91104a9e0_0, 0, 1;
    %wait E_0x910c44f00;
    %pushi/vec4 0, 0, 1;
    %store/vec4 v0x91104a9e0_0, 0, 1;
    %end;
    .scope S_0x105097e10;
T_1 ;
    %wait E_0x910c45000;
    %load/vec4 v0x911049680_0;
    %pushi/vec4 4261441663, 0, 32;
    %and;
    %cmpi/e 33562675, 0, 32;
    %jmp/0xz  T_1.0, 4;
    %load/vec4 v0x911049860_0;
    %parti/s 1, 31, 6;
    %load/vec4 v0x911049860_0;
    %concat/vec4; draw_concat_vec4
    %store/vec4 v0x911049c20_0, 0, 33;
    %jmp T_1.1;
T_1.0 ;
    %load/vec4 v0x911049680_0;
    %pushi/vec4 4261441663, 0, 32;
    %and;
    %cmpi/e 33558579, 0, 32;
    %jmp/0xz  T_1.2, 4;
    %load/vec4 v0x911049860_0;
    %parti/s 1, 31, 6;
    %load/vec4 v0x911049860_0;
    %concat/vec4; draw_concat_vec4
    %store/vec4 v0x911049c20_0, 0, 33;
    %jmp T_1.3;
T_1.2 ;
    %pushi/vec4 0, 0, 1;
    %load/vec4 v0x911049860_0;
    %concat/vec4; draw_concat_vec4
    %store/vec4 v0x911049c20_0, 0, 33;
T_1.3 ;
T_1.1 ;
    %jmp T_1;
    .thread T_1, $push;
    .scope S_0x105097e10;
T_2 ;
    %wait E_0x910c44fc0;
    %load/vec4 v0x911049680_0;
    %pushi/vec4 4261441663, 0, 32;
    %and;
    %cmpi/e 33562675, 0, 32;
    %jmp/0xz  T_2.0, 4;
    %pushi/vec4 0, 0, 1;
    %load/vec4 v0x9110499a0_0;
    %concat/vec4; draw_concat_vec4
    %store/vec4 v0x911049d60_0, 0, 33;
    %jmp T_2.1;
T_2.0 ;
    %load/vec4 v0x911049680_0;
    %pushi/vec4 4261441663, 0, 32;
    %and;
    %cmpi/e 33558579, 0, 32;
    %jmp/0xz  T_2.2, 4;
    %load/vec4 v0x9110499a0_0;
    %parti/s 1, 31, 6;
    %load/vec4 v0x9110499a0_0;
    %concat/vec4; draw_concat_vec4
    %store/vec4 v0x911049d60_0, 0, 33;
    %jmp T_2.3;
T_2.2 ;
    %pushi/vec4 0, 0, 1;
    %load/vec4 v0x9110499a0_0;
    %concat/vec4; draw_concat_vec4
    %store/vec4 v0x911049d60_0, 0, 33;
T_2.3 ;
T_2.1 ;
    %jmp T_2;
    .thread T_2, $push;
    .scope S_0x105097e10;
T_3 ;
    %wait E_0x910c44f40;
    %load/vec4 v0x911049fe0_0;
    %flag_set/vec4 8;
    %jmp/0xz  T_3.0, 8;
    %pushi/vec4 0, 0, 33;
    %assign/vec4 v0x911049b80_0, 0;
    %pushi/vec4 0, 0, 33;
    %assign/vec4 v0x911049cc0_0, 0;
    %pushi/vec4 0, 0, 1;
    %assign/vec4 v0x911049400_0, 0;
    %jmp T_3.1;
T_3.0 ;
    %load/vec4 v0x911049220_0;
    %flag_set/vec4 8;
    %jmp/0xz  T_3.2, 8;
    %jmp T_3.3;
T_3.2 ;
    %load/vec4 v0x911049ae0_0;
    %flag_set/vec4 9;
    %flag_get/vec4 9;
    %jmp/0 T_3.6, 9;
    %load/vec4 v0x9110494a0_0;
    %and;
T_3.6;
    %flag_set/vec4 8;
    %jmp/0xz  T_3.4, 8;
    %load/vec4 v0x911049c20_0;
    %assign/vec4 v0x911049b80_0, 0;
    %load/vec4 v0x911049d60_0;
    %assign/vec4 v0x911049cc0_0, 0;
    %load/vec4 v0x911049680_0;
    %pushi/vec4 4261441663, 0, 32;
    %and;
    %pushi/vec4 33554483, 0, 32;
    %cmp/e;
    %flag_get/vec4 4;
    %inv;
    %assign/vec4 v0x911049400_0, 0;
    %jmp T_3.5;
T_3.4 ;
    %pushi/vec4 0, 0, 33;
    %assign/vec4 v0x911049b80_0, 0;
    %pushi/vec4 0, 0, 33;
    %assign/vec4 v0x911049cc0_0, 0;
    %pushi/vec4 0, 0, 1;
    %assign/vec4 v0x911049400_0, 0;
T_3.5 ;
T_3.3 ;
T_3.1 ;
    %jmp T_3;
    .thread T_3;
    .scope S_0x105097e10;
T_4 ;
    %wait E_0x910c44f80;
    %load/vec4 v0x911049400_0;
    %flag_set/vec4 8;
    %jmp/0 T_4.0, 8;
    %load/vec4 v0x911049540_0;
    %parti/s 32, 32, 7;
    %jmp/1 T_4.1, 8;
T_4.0 ; End of true expr.
    %load/vec4 v0x911049540_0;
    %parti/s 32, 0, 2;
    %jmp/0 T_4.1, 8;
 ; End of false expr.
    %blend;
T_4.1;
    %store/vec4 v0x911049f40_0, 0, 32;
    %jmp T_4;
    .thread T_4, $push;
    .scope S_0x105097e10;
T_5 ;
    %wait E_0x910c44f40;
    %load/vec4 v0x911049fe0_0;
    %flag_set/vec4 8;
    %jmp/0xz  T_5.0, 8;
    %pushi/vec4 0, 0, 32;
    %assign/vec4 v0x911049e00_0, 0;
    %jmp T_5.1;
T_5.0 ;
    %load/vec4 v0x911049220_0;
    %nor/r;
    %flag_set/vec4 8;
    %jmp/0xz  T_5.2, 8;
    %load/vec4 v0x911049f40_0;
    %assign/vec4 v0x911049e00_0, 0;
T_5.2 ;
T_5.1 ;
    %jmp T_5;
    .thread T_5;
    .scope S_0x105097e10;
T_6 ;
    %wait E_0x910c44f40;
    %load/vec4 v0x911049fe0_0;
    %flag_set/vec4 8;
    %jmp/0xz  T_6.0, 8;
    %pushi/vec4 0, 0, 32;
    %assign/vec4 v0x911049ea0_0, 0;
    %jmp T_6.1;
T_6.0 ;
    %load/vec4 v0x911049220_0;
    %nor/r;
    %flag_set/vec4 8;
    %jmp/0xz  T_6.2, 8;
    %load/vec4 v0x911049e00_0;
    %assign/vec4 v0x911049ea0_0, 0;
T_6.2 ;
T_6.1 ;
    %jmp T_6;
    .thread T_6;
    .scope S_0x105097e10;
T_7 ;
    %wait E_0x910c44f40;
    %load/vec4 v0x911049fe0_0;
    %flag_set/vec4 8;
    %jmp/0xz  T_7.0, 8;
    %pushi/vec4 0, 0, 2;
    %assign/vec4 v0x911049360_0, 0;
    %jmp T_7.1;
T_7.0 ;
    %load/vec4 v0x911049220_0;
    %flag_set/vec4 8;
    %jmp/0xz  T_7.2, 8;
    %load/vec4 v0x911049360_0;
    %assign/vec4 v0x911049360_0, 0;
    %jmp T_7.3;
T_7.2 ;
    %load/vec4 v0x911049360_0;
    %parti/s 1, 0, 2;
    %load/vec4 v0x9110492c0_0;
    %concat/vec4; draw_concat_vec4
    %assign/vec4 v0x911049360_0, 0;
T_7.3 ;
T_7.1 ;
    %jmp T_7;
    .thread T_7;
    .scope S_0x1050a0020;
T_8 ;
    %delay 5000, 0;
    %load/vec4 v0x91104a3a0_0;
    %inv;
    %store/vec4 v0x91104a3a0_0, 0, 1;
    %jmp T_8;
    .thread T_8;
    .scope S_0x1050a0020;
T_9 ;
    %vpi_call/w 3 52 "$dumpfile", "tb_multiplier.vcd" {0 0 0};
    %vpi_call/w 3 53 "$dumpvars", 32'sb00000000000000000000000000000000, S_0x1050a0020 {0 0 0};
    %end;
    .thread T_9;
    .scope S_0x1050a0020;
T_10 ;
    %wait E_0x910c44f00;
    %vpi_call/w 3 58 "$display", "[%0t] busy=%0b result=0x%08x", $time, v0x91104a300_0, v0x91104ab20_0 {0 0 0};
    %jmp T_10;
    .thread T_10;
    .scope S_0x1050a0020;
T_11 ;
    %pushi/vec4 0, 0, 1;
    %store/vec4 v0x91104a3a0_0, 0, 1;
    %pushi/vec4 1, 0, 1;
    %store/vec4 v0x91104aa80_0, 0, 1;
    %pushi/vec4 0, 0, 1;
    %store/vec4 v0x91104a9e0_0, 0, 1;
    %pushi/vec4 0, 0, 32;
    %store/vec4 v0x91104a580_0, 0, 32;
    %pushi/vec4 0, 0, 32;
    %store/vec4 v0x91104a620_0, 0, 32;
    %pushi/vec4 0, 0, 1;
    %store/vec4 v0x91104a4e0_0, 0, 1;
    %pushi/vec4 1, 0, 5;
    %store/vec4 v0x91104a940_0, 0, 5;
    %pushi/vec4 2, 0, 5;
    %store/vec4 v0x91104a6c0_0, 0, 5;
    %pushi/vec4 3, 0, 5;
    %store/vec4 v0x91104a800_0, 0, 5;
    %pushi/vec4 0, 0, 32;
    %store/vec4 v0x91104a760_0, 0, 32;
    %pushi/vec4 0, 0, 32;
    %store/vec4 v0x91104a8a0_0, 0, 32;
    %pushi/vec4 0, 0, 1;
    %store/vec4 v0x91104a440_0, 0, 1;
    %pushi/vec4 3, 0, 32;
T_11.0 %dup/vec4;
    %pushi/vec4 0, 0, 32;
    %cmp/s;
    %jmp/1xz T_11.1, 5;
    %jmp/1 T_11.1, 4;
    %pushi/vec4 1, 0, 32;
    %sub;
    %wait E_0x910c44f00;
    %jmp T_11.0;
T_11.1 ;
    %pop/vec4 1;
    %pushi/vec4 0, 0, 1;
    %store/vec4 v0x91104aa80_0, 0, 1;
    %alloc S_0x1050a9060;
    %pushi/vec4 33554483, 0, 32;
    %store/vec4 v0x91104a120_0, 0, 32;
    %pushi/vec4 3, 0, 32;
    %store/vec4 v0x91104a1c0_0, 0, 32;
    %pushi/vec4 7, 0, 32;
    %store/vec4 v0x91104a260_0, 0, 32;
    %fork TD_tb_multiplier.issue_mul, S_0x1050a9060;
    %join;
    %free S_0x1050a9060;
    %pushi/vec4 5, 0, 32;
T_11.2 %dup/vec4;
    %pushi/vec4 0, 0, 32;
    %cmp/s;
    %jmp/1xz T_11.3, 5;
    %jmp/1 T_11.3, 4;
    %pushi/vec4 1, 0, 32;
    %sub;
    %wait E_0x910c44f00;
    %jmp T_11.2;
T_11.3 ;
    %pop/vec4 1;
    %vpi_call/w 3 106 "$display", "MUL 3*7 => %0d (0x%08x)", v0x91104ab20_0, v0x91104ab20_0 {0 0 0};
    %alloc S_0x1050a9060;
    %pushi/vec4 33558579, 0, 32;
    %store/vec4 v0x91104a120_0, 0, 32;
    %pushi/vec4 4294967294, 0, 32;
    %store/vec4 v0x91104a1c0_0, 0, 32;
    %pushi/vec4 7, 0, 32;
    %store/vec4 v0x91104a260_0, 0, 32;
    %fork TD_tb_multiplier.issue_mul, S_0x1050a9060;
    %join;
    %free S_0x1050a9060;
    %pushi/vec4 5, 0, 32;
T_11.4 %dup/vec4;
    %pushi/vec4 0, 0, 32;
    %cmp/s;
    %jmp/1xz T_11.5, 5;
    %jmp/1 T_11.5, 4;
    %pushi/vec4 1, 0, 32;
    %sub;
    %wait E_0x910c44f00;
    %jmp T_11.4;
T_11.5 ;
    %pop/vec4 1;
    %vpi_call/w 3 114 "$display", "MULH -2*7 (hi part) => 0x%08x", v0x91104ab20_0 {0 0 0};
    %alloc S_0x1050a9060;
    %pushi/vec4 33566771, 0, 32;
    %store/vec4 v0x91104a120_0, 0, 32;
    %pushi/vec4 4294901760, 0, 32;
    %store/vec4 v0x91104a1c0_0, 0, 32;
    %pushi/vec4 65535, 0, 32;
    %store/vec4 v0x91104a260_0, 0, 32;
    %fork TD_tb_multiplier.issue_mul, S_0x1050a9060;
    %join;
    %free S_0x1050a9060;
    %pushi/vec4 5, 0, 32;
T_11.6 %dup/vec4;
    %pushi/vec4 0, 0, 32;
    %cmp/s;
    %jmp/1xz T_11.7, 5;
    %jmp/1 T_11.7, 4;
    %pushi/vec4 1, 0, 32;
    %sub;
    %wait E_0x910c44f00;
    %jmp T_11.6;
T_11.7 ;
    %pop/vec4 1;
    %vpi_call/w 3 122 "$display", "MULHU FFFF0000*0000FFFF (hi) => 0x%08x", v0x91104ab20_0 {0 0 0};
    %vpi_call/w 3 125 "$finish" {0 0 0};
    %end;
    .thread T_11;
# The file index is used to find the file name in the following table.
:file_names 5;
    "N/A";
    "<interactive>";
    "-";
    "tb_multiplier.v";
    "riscv_multiplier.v";
